<?xml version="1.0" encoding="UTF-8"?>
<!-- Generated by org.testng.reporters.JUnitReportReporter -->
<testsuite skipped="0" hostname="DESKTOP-FEB2MM5" name="testCases.Get_Read_A_Product" tests="1" failures="0" timestamp="28 Feb 2021 15:43:12 GMT" time="1.871" errors="0">
  <testcase name="read_All_Products" time="1.871" classname="testCases.Get_Read_A_Product"/>
</testsuite> <!-- testCases.Get_Read_A_Product -->
