<?xml version="1.0" encoding="UTF-8"?>
<!-- Generated by org.testng.reporters.JUnitReportReporter -->
<testsuite skipped="0" hostname="DESKTOP-FEB2MM5" name="testCases.Put_Update_A_Product" tests="1" failures="0" timestamp="28 Feb 2021 16:48:38 GMT" time="2.081" errors="0">
  <testcase name="Update_A_Product" time="2.081" classname="testCases.Put_Update_A_Product"/>
</testsuite> <!-- testCases.Put_Update_A_Product -->
