<?xml version="1.0" encoding="UTF-8"?>
<!-- Generated by org.testng.reporters.JUnitReportReporter -->
<testsuite skipped="0" hostname="DESKTOP-FEB2MM5" name="testCases.Create_A_Product" tests="1" failures="0" timestamp="27 Feb 2021 19:51:56 GMT" time="2.019" errors="0">
  <testcase name="create_a_product" time="2.019" classname="testCases.Create_A_Product"/>
</testsuite> <!-- testCases.Create_A_Product -->
