<?xml version="1.0" encoding="UTF-8"?>
<!-- Generated by org.testng.reporters.JUnitReportReporter -->
<testsuite skipped="0" hostname="DESKTOP-FEB2MM5" name="testCases.Get_Read_All_Products" tests="1" failures="0" timestamp="27 Feb 2021 18:07:24 GMT" time="1.556" errors="0">
  <testcase name="read_All_Products" time="1.556" classname="testCases.Get_Read_All_Products"/>
</testsuite> <!-- testCases.Get_Read_All_Products -->
