<?xml version="1.0" encoding="UTF-8"?>
<!-- Generated by org.testng.reporters.JUnitReportReporter -->
<testsuite skipped="0" hostname="DESKTOP-FEB2MM5" name="testCases.Delete_A_Product" tests="1" failures="0" timestamp="28 Feb 2021 17:52:21 GMT" time="2.509" errors="0">
  <testcase name="Delete_A_Product" time="2.509" classname="testCases.Delete_A_Product"/>
</testsuite> <!-- testCases.Delete_A_Product -->
